=/pretest.json
{
  _: [],
  f: [
    '/home/runner/work/exp-2d-gel-electrophoresis-egg-proteins-iitg/exp-2d-gel-electrophoresis-egg-proteins-iitg/experiment/pretest.json'
  ],
  files: [
    '/home/runner/work/exp-2d-gel-electrophoresis-egg-proteins-iitg/exp-2d-gel-electrophoresis-egg-proteins-iitg/experiment/pretest.json'
  ],
  c: 'assessment',
  contentTypes: 'assessment',
  'content-types': 'assessment',
  '$0': 'validate'
}
Validated true
=/posttest.json
{
  _: [],
  f: [
    '/home/runner/work/exp-2d-gel-electrophoresis-egg-proteins-iitg/exp-2d-gel-electrophoresis-egg-proteins-iitg/experiment/posttest.json'
  ],
  files: [
    '/home/runner/work/exp-2d-gel-electrophoresis-egg-proteins-iitg/exp-2d-gel-electrophoresis-egg-proteins-iitg/experiment/posttest.json'
  ],
  c: 'assessment',
  contentTypes: 'assessment',
  'content-types': 'assessment',
  '$0': 'validate'
}
Validated true
